<?xml version="1.0" encoding="UTF-8"?>
<!-- Generated by org.testng.reporters.JUnitReportReporter -->
<testsuite skipped="0" hostname="DESKTOP-7HNKN0S" name="testngPack.TestNGExample" tests="3" failures="0" timestamp="12 Dec 2018 15:45:29 GMT" time="0.018" errors="0">
  <testcase name="Login" time="0.008" classname="testngPack.TestNGExample"/>
  <testcase name="AccountEnquiry" time="0.006" classname="testngPack.TestNGExample"/>
  <testcase name="testngmethod" time="0.004" classname="testngPack.TestNGExample"/>
</testsuite> <!-- testngPack.TestNGExample -->
