<?xml version="1.0" encoding="UTF-8"?>
<!-- Generated by org.testng.reporters.JUnitReportReporter -->
<testsuite skipped="0" hostname="DESKTOP-7HNKN0S" name="testngPack.CalorieCalcTest" tests="1" failures="0" timestamp="11 Dec 2018 16:46:10 GMT" time="8.145" errors="0">
  <testcase name="EnterCalorieDetails" time="8.145" classname="testngPack.CalorieCalcTest"/>
</testsuite> <!-- testngPack.CalorieCalcTest -->
