<?xml version="1.0" encoding="UTF-8"?>
<!-- Generated by org.testng.reporters.JUnitReportReporter -->
<testsuite skipped="2" hostname="DESKTOP-7HNKN0S" name="testngPack.TestNGExample2" tests="3" failures="0" timestamp="12 Dec 2018 15:46:52 GMT" time="0.009" errors="0">
  <testcase name="Login2" time="0.009" classname="testngPack.TestNGExample2"/>
  <testcase name="AccountEnquiry2" classname="testngPack.TestNGExample2">
    <skipped/>
  </testcase> <!-- AccountEnquiry2 -->
  <testcase name="testngmethod2" classname="testngPack.TestNGExample2">
    <skipped/>
  </testcase> <!-- testngmethod2 -->
</testsuite> <!-- testngPack.TestNGExample2 -->
