<?xml version="1.0" encoding="UTF-8"?>
<!-- Generated by org.testng.reporters.JUnitReportReporter -->
<testsuite skipped="0" hostname="DESKTOP-7HNKN0S" name="com.caloriecalc.testcases.CalorieCalcPageTestCase" tests="5" failures="0" timestamp="12 Dec 2018 16:04:05 GMT" time="51.340" errors="0">
  <testcase name="CalorieCalcTestCaseMethod" time="14.033" classname="com.caloriecalc.testcases.CalorieCalcPageTestCase"/>
  <testcase name="Login" time="4.818" classname="com.caloriecalc.testcases.CalorieCalcPageTestCase"/>
  <testcase name="CalorieCalcTestCaseMethod" time="15.142" classname="com.caloriecalc.testcases.CalorieCalcPageTestCase"/>
  <testcase name="Login" time="4.725" classname="com.caloriecalc.testcases.CalorieCalcPageTestCase"/>
  <testcase name="CalorieCalcTestCaseMethod" time="12.622" classname="com.caloriecalc.testcases.CalorieCalcPageTestCase"/>
</testsuite> <!-- com.caloriecalc.testcases.CalorieCalcPageTestCase -->
