<?xml version="1.0" encoding="UTF-8"?>
<!-- Generated by org.testng.reporters.JUnitReportReporter -->
<testsuite skipped="0" hostname="DESKTOP-7HNKN0S" name="com.caloriecalc.testcases.CalorieCalcPageHTTestCase" tests="5" failures="0" timestamp="12 Dec 2018 16:15:27 GMT" time="52.368" errors="0">
  <testcase name="CalorieCalcTestCaseMethod" time="12.555" classname="com.caloriecalc.testcases.CalorieCalcPageHTTestCase"/>
  <testcase name="Login" time="6.645" classname="com.caloriecalc.testcases.CalorieCalcPageHTTestCase"/>
  <testcase name="Login" time="4.843" classname="com.caloriecalc.testcases.CalorieCalcPageHTTestCase"/>
  <testcase name="CalorieCalcTestCaseMethod" time="14.269" classname="com.caloriecalc.testcases.CalorieCalcPageHTTestCase"/>
  <testcase name="CalorieCalcTestCaseMethod" time="14.056" classname="com.caloriecalc.testcases.CalorieCalcPageHTTestCase"/>
</testsuite> <!-- com.caloriecalc.testcases.CalorieCalcPageHTTestCase -->
