<?xml version="1.0" encoding="UTF-8"?>
<!-- Generated by org.testng.reporters.JUnitReportReporter -->
<testsuite skipped="0" hostname="DESKTOP-7HNKN0S" name="com.caloriecalc.testcases.CalorieCalcPageExcelTestCase" tests="7" failures="0" timestamp="12 Dec 2018 16:52:55 GMT" time="84.141" errors="0">
  <testcase name="Login" time="5.770" classname="com.caloriecalc.testcases.CalorieCalcPageExcelTestCase"/>
  <testcase name="Login" time="7.552" classname="com.caloriecalc.testcases.CalorieCalcPageExcelTestCase"/>
  <testcase name="CalorieCalcTestCaseMethod" time="12.773" classname="com.caloriecalc.testcases.CalorieCalcPageExcelTestCase"/>
  <testcase name="CalorieCalcTestCaseMethod" time="16.626" classname="com.caloriecalc.testcases.CalorieCalcPageExcelTestCase"/>
  <testcase name="CalorieCalcTestCaseMethod" time="13.081" classname="com.caloriecalc.testcases.CalorieCalcPageExcelTestCase"/>
  <testcase name="CalorieCalcTestCaseMethod" time="14.826" classname="com.caloriecalc.testcases.CalorieCalcPageExcelTestCase"/>
  <testcase name="CalorieCalcTestCaseMethod" time="13.513" classname="com.caloriecalc.testcases.CalorieCalcPageExcelTestCase"/>
</testsuite> <!-- com.caloriecalc.testcases.CalorieCalcPageExcelTestCase -->
