<?xml version="1.0" encoding="UTF-8"?>
<!-- Generated by org.testng.reporters.JUnitReportReporter -->
<testsuite skipped="0" hostname="DESKTOP-7HNKN0S" name="com.caloriecalc.testcases.CalorieCalcPageExcelTestCaseConfig" tests="7" failures="0" timestamp="12 Dec 2018 17:11:29 GMT" time="81.841" errors="0">
  <testcase name="Login" time="7.909" classname="com.caloriecalc.testcases.CalorieCalcPageExcelTestCaseConfig"/>
  <testcase name="Login" time="8.174" classname="com.caloriecalc.testcases.CalorieCalcPageExcelTestCaseConfig"/>
  <testcase name="CalorieCalcTestCaseMethod" time="11.340" classname="com.caloriecalc.testcases.CalorieCalcPageExcelTestCaseConfig"/>
  <testcase name="CalorieCalcTestCaseMethod" time="15.005" classname="com.caloriecalc.testcases.CalorieCalcPageExcelTestCaseConfig"/>
  <testcase name="CalorieCalcTestCaseMethod" time="12.759" classname="com.caloriecalc.testcases.CalorieCalcPageExcelTestCaseConfig"/>
  <testcase name="CalorieCalcTestCaseMethod" time="12.918" classname="com.caloriecalc.testcases.CalorieCalcPageExcelTestCaseConfig"/>
  <testcase name="CalorieCalcTestCaseMethod" time="13.736" classname="com.caloriecalc.testcases.CalorieCalcPageExcelTestCaseConfig"/>
</testsuite> <!-- com.caloriecalc.testcases.CalorieCalcPageExcelTestCaseConfig -->
