<?xml version="1.0" encoding="UTF-8"?>
<!-- Generated by org.testng.reporters.JUnitReportReporter -->
<testsuite skipped="0" hostname="DESKTOP-7HNKN0S" name="testngPack.CalorieCalcTest2" tests="1" failures="0" timestamp="12 Dec 2018 15:45:29 GMT" time="13.026" errors="0">
  <testcase name="EnterCalorieDetails" time="13.026" classname="testngPack.CalorieCalcTest2"/>
</testsuite> <!-- testngPack.CalorieCalcTest2 -->
